Determining if the pthread_create exist failed with the following output:
Change Dir: /home/jiyao/nudo/FaceDet/cpp/CMakeFiles/CMakeTmp

Run Build Command:/usr/bin/make "cmTryCompileExec4153221113/fast"
/usr/bin/make -f CMakeFiles/cmTryCompileExec4153221113.dir/build.make CMakeFiles/cmTryCompileExec4153221113.dir/build
make[1]: Entering directory `/home/jiyao/nudo/FaceDet/cpp/CMakeFiles/CMakeTmp'
/usr/bin/cmake -E cmake_progress_report /home/jiyao/nudo/FaceDet/cpp/CMakeFiles/CMakeTmp/CMakeFiles 1
Building C object CMakeFiles/cmTryCompileExec4153221113.dir/CheckSymbolExists.c.o
/usr/bin/cc    -o CMakeFiles/cmTryCompileExec4153221113.dir/CheckSymbolExists.c.o   -c /home/jiyao/nudo/FaceDet/cpp/CMakeFiles/CMakeTmp/CheckSymbolExists.c
Linking C executable cmTryCompileExec4153221113
/usr/bin/cmake -E cmake_link_script CMakeFiles/cmTryCompileExec4153221113.dir/link.txt --verbose=1
/usr/bin/cc       CMakeFiles/cmTryCompileExec4153221113.dir/CheckSymbolExists.c.o  -o cmTryCompileExec4153221113 -rdynamic 
CMakeFiles/cmTryCompileExec4153221113.dir/CheckSymbolExists.c.o: In function `main':
CheckSymbolExists.c:(.text+0x16): undefined reference to `pthread_create'
collect2: error: ld returned 1 exit status
make[1]: Leaving directory `/home/jiyao/nudo/FaceDet/cpp/CMakeFiles/CMakeTmp'
make[1]: *** [cmTryCompileExec4153221113] Error 1
make: *** [cmTryCompileExec4153221113/fast] Error 2

File /home/jiyao/nudo/FaceDet/cpp/CMakeFiles/CMakeTmp/CheckSymbolExists.c:
/* */
#include <pthread.h>

int main(int argc, char** argv)
{
  (void)argv;
#ifndef pthread_create
  return ((int*)(&pthread_create))[argc];
#else
  (void)argc;
  return 0;
#endif
}

Determining if the function pthread_create exists in the pthreads failed with the following output:
Change Dir: /home/jiyao/nudo/FaceDet/cpp/CMakeFiles/CMakeTmp

Run Build Command:/usr/bin/make "cmTryCompileExec1306966873/fast"
/usr/bin/make -f CMakeFiles/cmTryCompileExec1306966873.dir/build.make CMakeFiles/cmTryCompileExec1306966873.dir/build
make[1]: Entering directory `/home/jiyao/nudo/FaceDet/cpp/CMakeFiles/CMakeTmp'
/usr/bin/cmake -E cmake_progress_report /home/jiyao/nudo/FaceDet/cpp/CMakeFiles/CMakeTmp/CMakeFiles 1
Building C object CMakeFiles/cmTryCompileExec1306966873.dir/CheckFunctionExists.c.o
/usr/bin/cc   -DCHECK_FUNCTION_EXISTS=pthread_create   -o CMakeFiles/cmTryCompileExec1306966873.dir/CheckFunctionExists.c.o   -c /usr/share/cmake-2.8/Modules/CheckFunctionExists.c
Linking C executable cmTryCompileExec1306966873
/usr/bin/cmake -E cmake_link_script CMakeFiles/cmTryCompileExec1306966873.dir/link.txt --verbose=1
/usr/bin/cc   -DCHECK_FUNCTION_EXISTS=pthread_create    CMakeFiles/cmTryCompileExec1306966873.dir/CheckFunctionExists.c.o  -o cmTryCompileExec1306966873 -rdynamic -lpthreads 
/usr/bin/ld: cannot find -lpthreads
collect2: error: ld returned 1 exit status
make[1]: Leaving directory `/home/jiyao/nudo/FaceDet/cpp/CMakeFiles/CMakeTmp'
make[1]: *** [cmTryCompileExec1306966873] Error 1
make: *** [cmTryCompileExec1306966873/fast] Error 2


